{ message: '/log/info - GET - ::1',
  level: 'info',
  timestamp: '2019-04-04T20:03:32.952Z' }
{ message: '/log/info - GET - ::1',
  level: 'info',
  timestamp: '2019-04-04T20:03:35.289Z' }
{ message: '/log/error - GET - ::1',
  level: 'info',
  timestamp: '2019-04-04T20:03:39.361Z' }
{ message: '/log/error - GET - ::1',
  level: 'info',
  timestamp: '2019-04-04T20:05:06.374Z' }
{ message: '/api - GET - ::1',
  level: 'info',
  timestamp: '2019-04-04T20:13:48.090Z' }
{ message: '/api - GET - ::1',
  level: 'info',
  timestamp: '2019-04-04T20:19:10.075Z' }
{ message: '/ - GET - ::1',
  level: 'info',
  timestamp: '2019-04-04T20:19:12.462Z' }
{ message: '/log - GET - ::1',
  level: 'info',
  timestamp: '2019-04-04T20:19:33.297Z' }
{ message: '/log/error - GET - ::1',
  level: 'info',
  timestamp: '2019-04-04T20:19:36.753Z' }
{ message: '/favicon.ico - GET - ::ffff:10.206.72.71',
  level: 'info',
  timestamp: '2019-04-05T07:52:32.209Z' }
{ message: '/favicon.ico - GET - ::1',
  level: 'info',
  timestamp: '2019-04-09T08:01:26.542Z' }
{ message: '/attractions - GET - ::1',
  level: 'info',
  timestamp: '2019-04-09T08:01:30.873Z' }
{ message: '/api/v1attractions - GET - ::1',
  level: 'info',
  timestamp: '2019-04-09T08:01:36.690Z' }
{ message: '/attractions - GET - ::ffff:127.0.0.1',
  level: 'info',
  timestamp: '2019-04-09T08:02:14.440Z' }
